<?xml version="1.0" encoding="UTF-8"?>
<!-- Generated by org.testng.reporters.JUnitReportReporter -->
<testsuite hostname="Nexsoft" failures="0" tests="4" name="com.nexsoft.testng.frontpage.Frontpage" time="3.296" errors="0" timestamp="2022-06-14T14:53:24 WIB" skipped="0">
  <testcase classname="com.nexsoft.testng.frontpage.Frontpage" name="Login" time="3.274"/>
  <system-out>
    <![CDATA[<img src='file://C:\Users\62822\Pictures)20220614_145311.png' />]]>
  </system-out>
  <testcase classname="com.nexsoft.testng.frontpage.Frontpage" name="ImageTest" time="0.011"/>
  <system-out>
    <![CDATA[https://ebooks.gramedia.com/ebook-covers/58976/image_highres/BLK_AM2020951784.jpg]]>
  </system-out>
  <testcase classname="com.nexsoft.testng.frontpage.Frontpage" name="consumeData" time="0.007"/>
  <system-out/>
  <testcase classname="com.nexsoft.testng.frontpage.Frontpage" name="consumeData" time="0.004"/>
  <system-out/>
</testsuite> <!-- com.nexsoft.testng.frontpage.Frontpage -->
